build/app/intermediates/manifest_merge_blame_file/debug/manifest-merger-blame-debug-report.txt
1<?xml version="1.0" encoding="utf-8"?>
2<manifest xmlns:android="http://schemas.android.com/apk/res/android"
3    package="com.example.face_login"
4    android:versionCode="1"
5    android:versionName="1.0.0" >
6
7    <uses-sdk
8        android:minSdkVersion="21"
9        android:targetSdkVersion="34" />
10    <!--
11         The INTERNET permission is required for development. Specifically,
12         the Flutter tool needs it to communicate with the running application
13         to allow setting breakpoints, to provide hot reload, etc.
14    -->
15    <uses-permission android:name="android.permission.INTERNET" />
15-->src\debug\AndroidManifest.xml:6:5-66
15-->src\debug\AndroidManifest.xml:6:22-64
16    <uses-permission android:name="android.permission.BLUETOOTH" />
16-->src\debug\AndroidManifest.xml:7:5-68
16-->src\debug\AndroidManifest.xml:7:22-65
17    <uses-permission android:name="android.permission.BLUETOOTH_ADMIN" />
17-->src\debug\AndroidManifest.xml:8:5-74
17-->src\debug\AndroidManifest.xml:8:22-71
18    <uses-permission android:name="android.permission.BLUETOOTH_CONNECT" />
18-->src\debug\AndroidManifest.xml:9:5-76
18-->src\debug\AndroidManifest.xml:9:22-73
19    <uses-permission android:name="android.permission.BLUETOOTH_SCAN" />
19-->src\debug\AndroidManifest.xml:10:5-73
19-->src\debug\AndroidManifest.xml:10:22-70
20    <uses-permission android:name="android.permission.ACCESS_FINE_LOCATION" />
20-->src\debug\AndroidManifest.xml:11:5-79
20-->src\debug\AndroidManifest.xml:11:22-76
21
22    <!--
23     Required to query activities that can process text, see:
24         https://developer.android.com/training/package-visibility?hl=en and
25         https://developer.android.com/reference/android/content/Intent#ACTION_PROCESS_TEXT.
26
27         In particular, this is used by the Flutter engine in io.flutter.plugin.text.ProcessTextPlugin.
28    -->
29    <queries>
29-->src\main\AndroidManifest.xml:38:5-43:15
30        <intent>
30-->src\main\AndroidManifest.xml:39:9-42:18
31            <action android:name="android.intent.action.PROCESS_TEXT" />
31-->src\main\AndroidManifest.xml:40:13-72
31-->src\main\AndroidManifest.xml:40:21-70
32
33            <data android:mimeType="text/plain" />
33-->src\main\AndroidManifest.xml:41:13-50
33-->src\main\AndroidManifest.xml:41:19-48
34        </intent>
35    </queries>
36
37    <uses-permission android:name="android.permission.CAMERA" />
37-->[:camera_android] AndroidManifest.xml:9:5-65
37-->[:camera_android] AndroidManifest.xml:9:22-62
38    <uses-permission android:name="android.permission.RECORD_AUDIO" />
38-->[:camera_android] AndroidManifest.xml:10:5-71
38-->[:camera_android] AndroidManifest.xml:10:22-68
39    <uses-permission android:name="android.permission.ACCESS_COARSE_LOCATION" /> <!-- For remote config -->
39-->[:flutter_bluetooth_serial] AndroidManifest.xml:11:5-81
39-->[:flutter_bluetooth_serial] AndroidManifest.xml:11:22-78
40    <uses-permission android:name="android.permission.ACCESS_NETWORK_STATE" />
40-->[com.google.mlkit:pose-detection-common:18.0.0-beta2] AndroidManifest.xml:7:5-79
40-->[com.google.mlkit:pose-detection-common:18.0.0-beta2] AndroidManifest.xml:7:22-76
41    <uses-permission android:name="android.permission.WAKE_LOCK" />
41-->[androidx.work:work-runtime:2.7.0] AndroidManifest.xml:25:5-68
41-->[androidx.work:work-runtime:2.7.0] AndroidManifest.xml:25:22-65
42    <uses-permission android:name="android.permission.RECEIVE_BOOT_COMPLETED" />
42-->[androidx.work:work-runtime:2.7.0] AndroidManifest.xml:27:5-81
42-->[androidx.work:work-runtime:2.7.0] AndroidManifest.xml:27:22-78
43    <uses-permission android:name="android.permission.FOREGROUND_SERVICE" /> <!-- Required by older versions of Google Play services to create IID tokens -->
43-->[androidx.work:work-runtime:2.7.0] AndroidManifest.xml:28:5-77
43-->[androidx.work:work-runtime:2.7.0] AndroidManifest.xml:28:22-74
44    <uses-permission android:name="com.google.android.c2dm.permission.RECEIVE" />
44-->[com.google.firebase:firebase-iid:20.1.5] AndroidManifest.xml:26:5-82
44-->[com.google.firebase:firebase-iid:20.1.5] AndroidManifest.xml:26:22-79
45
46    <permission
46-->[androidx.core:core:1.10.1] AndroidManifest.xml:22:5-24:47
47        android:name="com.example.face_login.DYNAMIC_RECEIVER_NOT_EXPORTED_PERMISSION"
47-->[androidx.core:core:1.10.1] AndroidManifest.xml:23:9-81
48        android:protectionLevel="signature" />
48-->[androidx.core:core:1.10.1] AndroidManifest.xml:24:9-44
49
50    <uses-permission android:name="com.example.face_login.DYNAMIC_RECEIVER_NOT_EXPORTED_PERMISSION" />
50-->[androidx.core:core:1.10.1] AndroidManifest.xml:26:5-97
50-->[androidx.core:core:1.10.1] AndroidManifest.xml:26:22-94
51
52    <application
53        android:name="android.app.Application"
54        android:appComponentFactory="androidx.core.app.CoreComponentFactory"
54-->[androidx.core:core:1.10.1] AndroidManifest.xml:28:18-86
55        android:debuggable="true"
56        android:icon="@mipmap/ic_launcher"
57        android:label="face_login" >
58        <activity
59            android:name="com.example.face_login.MainActivity"
60            android:configChanges="orientation|keyboardHidden|keyboard|screenSize|smallestScreenSize|locale|layoutDirection|fontScale|screenLayout|density|uiMode"
61            android:exported="true"
62            android:hardwareAccelerated="true"
63            android:launchMode="singleTop"
64            android:theme="@style/LaunchTheme"
65            android:windowSoftInputMode="adjustResize" >
66
67            <!--
68                 Specifies an Android theme to apply to this Activity as soon as
69                 the Android process has started. This theme is visible to the user
70                 while the Flutter UI initializes. After that, this theme continues
71                 to determine the Window background behind the Flutter UI.
72            -->
73            <meta-data
74                android:name="io.flutter.embedding.android.NormalTheme"
75                android:resource="@style/NormalTheme" />
76
77            <intent-filter>
78                <action android:name="android.intent.action.MAIN" />
79
80                <category android:name="android.intent.category.LAUNCHER" />
81            </intent-filter>
82        </activity>
83        <!--
84             Don't delete the meta-data below.
85             This is used by the Flutter tool to generate GeneratedPluginRegistrant.java
86        -->
87        <meta-data
88            android:name="flutterEmbedding"
89            android:value="2" />
90
91        <activity
91-->[:url_launcher_android] AndroidManifest.xml:10:9-13:74
92            android:name="io.flutter.plugins.urllauncher.WebViewActivity"
92-->[:url_launcher_android] AndroidManifest.xml:11:13-74
93            android:exported="false"
93-->[:url_launcher_android] AndroidManifest.xml:12:13-37
94            android:theme="@android:style/Theme.NoTitleBar.Fullscreen" />
94-->[:url_launcher_android] AndroidManifest.xml:13:13-71
95
96        <uses-library
96-->[androidx.window:window:1.0.0-beta04] AndroidManifest.xml:25:9-27:40
97            android:name="androidx.window.extensions"
97-->[androidx.window:window:1.0.0-beta04] AndroidManifest.xml:26:13-54
98            android:required="false" />
98-->[androidx.window:window:1.0.0-beta04] AndroidManifest.xml:27:13-37
99        <uses-library
99-->[androidx.window:window:1.0.0-beta04] AndroidManifest.xml:28:9-30:40
100            android:name="androidx.window.sidecar"
100-->[androidx.window:window:1.0.0-beta04] AndroidManifest.xml:29:13-51
101            android:required="false" />
101-->[androidx.window:window:1.0.0-beta04] AndroidManifest.xml:30:13-37
102        <!--
103             Required for ML Kit Pose Detection GPU acceleration. Applications that target Android
104             S+ require explicit declaration of any referenced vendor-provided libraries.
105        -->
106        <uses-native-library
106-->[com.google.mlkit:pose-detection-common:18.0.0-beta2] AndroidManifest.xml:16:9-18:40
107            android:name="libOpenCL.so"
107-->[com.google.mlkit:pose-detection-common:18.0.0-beta2] AndroidManifest.xml:17:13-40
108            android:required="false" />
108-->[com.google.mlkit:pose-detection-common:18.0.0-beta2] AndroidManifest.xml:18:13-37
109        <uses-native-library
109-->[com.google.mlkit:pose-detection-common:18.0.0-beta2] AndroidManifest.xml:16:9-18:40
110            android:name="libOpenCL-car.so"
110-->[com.google.mlkit:pose-detection-common:18.0.0-beta2] AndroidManifest.xml:17:13-40
111            android:required="false" />
111-->[com.google.mlkit:pose-detection-common:18.0.0-beta2] AndroidManifest.xml:18:13-37
112        <uses-native-library
112-->[com.google.mlkit:pose-detection-common:18.0.0-beta2] AndroidManifest.xml:16:9-18:40
113            android:name="libOpenCL-pixel.so"
113-->[com.google.mlkit:pose-detection-common:18.0.0-beta2] AndroidManifest.xml:17:13-40
114            android:required="false" />
114-->[com.google.mlkit:pose-detection-common:18.0.0-beta2] AndroidManifest.xml:18:13-37
115
116        <service
116-->[com.google.mlkit:pose-detection-common:18.0.0-beta2] AndroidManifest.xml:26:9-32:19
117            android:name="com.google.mlkit.common.internal.MlKitComponentDiscoveryService"
117-->[com.google.mlkit:pose-detection-common:18.0.0-beta2] AndroidManifest.xml:27:13-91
118            android:directBootAware="true"
118-->[com.google.mlkit:common:18.5.0] AndroidManifest.xml:17:13-43
119            android:exported="false" >
119-->[com.google.mlkit:pose-detection-common:18.0.0-beta2] AndroidManifest.xml:28:13-37
120            <meta-data
120-->[com.google.mlkit:pose-detection-common:18.0.0-beta2] AndroidManifest.xml:29:13-31:85
121                android:name="com.google.firebase.components:com.google.mlkit.vision.pose.internal.PoseRegistrar"
121-->[com.google.mlkit:pose-detection-common:18.0.0-beta2] AndroidManifest.xml:30:17-114
122                android:value="com.google.firebase.components.ComponentRegistrar" />
122-->[com.google.mlkit:pose-detection-common:18.0.0-beta2] AndroidManifest.xml:31:17-82
123            <meta-data
123-->[com.google.mlkit:entity-extraction:16.0.0-beta4] AndroidManifest.xml:14:13-16:85
124                android:name="com.google.firebase.components:com.google.mlkit.nl.entityextraction.internal.EntityExtractionComponentRegistrar"
124-->[com.google.mlkit:entity-extraction:16.0.0-beta4] AndroidManifest.xml:15:17-143
125                android:value="com.google.firebase.components.ComponentRegistrar" />
125-->[com.google.mlkit:entity-extraction:16.0.0-beta4] AndroidManifest.xml:16:17-82
126            <meta-data
126-->[com.google.mlkit:translate:17.0.0] AndroidManifest.xml:14:13-16:85
127                android:name="com.google.firebase.components:com.google.mlkit.nl.translate.NaturalLanguageTranslateRegistrar"
127-->[com.google.mlkit:translate:17.0.0] AndroidManifest.xml:15:17-126
128                android:value="com.google.firebase.components.ComponentRegistrar" />
128-->[com.google.mlkit:translate:17.0.0] AndroidManifest.xml:16:17-82
129            <meta-data
129-->[com.google.mlkit:smart-reply:17.0.2] AndroidManifest.xml:26:13-28:85
130                android:name="com.google.firebase.components:com.google.mlkit.nl.smartreply.bundled.internal.ThickSmartReplyRegistrar"
130-->[com.google.mlkit:smart-reply:17.0.2] AndroidManifest.xml:27:17-135
131                android:value="com.google.firebase.components.ComponentRegistrar" />
131-->[com.google.mlkit:smart-reply:17.0.2] AndroidManifest.xml:28:17-82
132            <meta-data
132-->[com.google.mlkit:digital-ink-recognition:18.0.0] AndroidManifest.xml:15:13-17:85
133                android:name="com.google.firebase.components:com.google.mlkit.vision.digitalink.internal.DigitalInkRecognitionRegistrar"
133-->[com.google.mlkit:digital-ink-recognition:18.0.0] AndroidManifest.xml:16:17-137
134                android:value="com.google.firebase.components.ComponentRegistrar" />
134-->[com.google.mlkit:digital-ink-recognition:18.0.0] AndroidManifest.xml:17:17-82
135            <meta-data
135-->[com.google.mlkit:object-detection:17.0.0] AndroidManifest.xml:14:13-16:85
136                android:name="com.google.firebase.components:com.google.mlkit.vision.objects.defaults.internal.DefaultObjectsRegistrar"
136-->[com.google.mlkit:object-detection:17.0.0] AndroidManifest.xml:15:17-136
137                android:value="com.google.firebase.components.ComponentRegistrar" />
137-->[com.google.mlkit:object-detection:17.0.0] AndroidManifest.xml:16:17-82
138            <meta-data
138-->[com.google.mlkit:object-detection-custom:17.0.0] AndroidManifest.xml:11:13-13:85
139                android:name="com.google.firebase.components:com.google.mlkit.vision.objects.custom.internal.CustomObjectsRegistrar"
139-->[com.google.mlkit:object-detection-custom:17.0.0] AndroidManifest.xml:12:17-133
140                android:value="com.google.firebase.components.ComponentRegistrar" />
140-->[com.google.mlkit:object-detection-custom:17.0.0] AndroidManifest.xml:13:17-82
141            <meta-data
141-->[com.google.mlkit:linkfirebase:17.0.0] AndroidManifest.xml:12:13-14:85
142                android:name="com.google.firebase.components:com.google.mlkit.linkfirebase.internal.LinkFirebaseComponentRegistrar"
142-->[com.google.mlkit:linkfirebase:17.0.0] AndroidManifest.xml:13:17-132
143                android:value="com.google.firebase.components.ComponentRegistrar" />
143-->[com.google.mlkit:linkfirebase:17.0.0] AndroidManifest.xml:14:17-82
144            <meta-data
144-->[com.google.mlkit:segmentation-selfie:16.0.0-beta4] AndroidManifest.xml:12:13-14:85
145                android:name="com.google.firebase.components:com.google.mlkit.vision.segmentation.internal.SegmentationRegistrar"
145-->[com.google.mlkit:segmentation-selfie:16.0.0-beta4] AndroidManifest.xml:13:17-130
146                android:value="com.google.firebase.components.ComponentRegistrar" />
146-->[com.google.mlkit:segmentation-selfie:16.0.0-beta4] AndroidManifest.xml:14:17-82
147            <meta-data
147-->[com.google.mlkit:image-labeling:17.0.7] AndroidManifest.xml:11:13-13:85
148                android:name="com.google.firebase.components:com.google.mlkit.vision.label.defaults.internal.BundledLabelRegistrar"
148-->[com.google.mlkit:image-labeling:17.0.7] AndroidManifest.xml:12:17-132
149                android:value="com.google.firebase.components.ComponentRegistrar" />
149-->[com.google.mlkit:image-labeling:17.0.7] AndroidManifest.xml:13:17-82
150            <meta-data
150-->[com.google.mlkit:image-labeling-custom:17.0.1] AndroidManifest.xml:11:13-13:85
151                android:name="com.google.firebase.components:com.google.mlkit.vision.label.custom.internal.CustomLabelRegistrar"
151-->[com.google.mlkit:image-labeling-custom:17.0.1] AndroidManifest.xml:12:17-129
152                android:value="com.google.firebase.components.ComponentRegistrar" />
152-->[com.google.mlkit:image-labeling-custom:17.0.1] AndroidManifest.xml:13:17-82
153            <meta-data
153-->[com.google.mlkit:language-id:17.0.4] AndroidManifest.xml:11:13-13:85
154                android:name="com.google.firebase.components:com.google.mlkit.nl.languageid.bundled.internal.ThickLanguageIdRegistrar"
154-->[com.google.mlkit:language-id:17.0.4] AndroidManifest.xml:12:17-135
155                android:value="com.google.firebase.components.ComponentRegistrar" />
155-->[com.google.mlkit:language-id:17.0.4] AndroidManifest.xml:13:17-82
156            <meta-data
156-->[com.google.mlkit:vision-internal-vkp:18.2.2] AndroidManifest.xml:14:13-16:85
157                android:name="com.google.firebase.components:com.google.mlkit.vision.vkp.VkpRegistrar"
157-->[com.google.mlkit:vision-internal-vkp:18.2.2] AndroidManifest.xml:15:17-103
158                android:value="com.google.firebase.components.ComponentRegistrar" />
158-->[com.google.mlkit:vision-internal-vkp:18.2.2] AndroidManifest.xml:16:17-82
159            <meta-data
159-->[com.google.android.gms:play-services-mlkit-face-detection:17.0.1] AndroidManifest.xml:12:13-14:85
160                android:name="com.google.firebase.components:com.google.mlkit.vision.face.internal.FaceRegistrar"
160-->[com.google.android.gms:play-services-mlkit-face-detection:17.0.1] AndroidManifest.xml:13:17-114
161                android:value="com.google.firebase.components.ComponentRegistrar" />
161-->[com.google.android.gms:play-services-mlkit-face-detection:17.0.1] AndroidManifest.xml:14:17-82
162            <meta-data
162-->[com.google.android.gms:play-services-mlkit-barcode-scanning:18.0.0] AndroidManifest.xml:12:13-14:85
163                android:name="com.google.firebase.components:com.google.mlkit.vision.barcode.internal.BarcodeRegistrar"
163-->[com.google.android.gms:play-services-mlkit-barcode-scanning:18.0.0] AndroidManifest.xml:13:17-120
164                android:value="com.google.firebase.components.ComponentRegistrar" />
164-->[com.google.android.gms:play-services-mlkit-barcode-scanning:18.0.0] AndroidManifest.xml:14:17-82
165            <meta-data
165-->[com.google.mlkit:smart-reply-common:16.0.0] AndroidManifest.xml:26:13-28:85
166                android:name="com.google.firebase.components:com.google.mlkit.nl.smartreply.internal.SmartReplyRegistrar"
166-->[com.google.mlkit:smart-reply-common:16.0.0] AndroidManifest.xml:27:17-122
167                android:value="com.google.firebase.components.ComponentRegistrar" />
167-->[com.google.mlkit:smart-reply-common:16.0.0] AndroidManifest.xml:28:17-82
168            <meta-data
168-->[com.google.mlkit:language-id-common:16.0.0] AndroidManifest.xml:26:13-28:85
169                android:name="com.google.firebase.components:com.google.mlkit.nl.languageid.internal.LanguageIdRegistrar"
169-->[com.google.mlkit:language-id-common:16.0.0] AndroidManifest.xml:27:17-122
170                android:value="com.google.firebase.components.ComponentRegistrar" />
170-->[com.google.mlkit:language-id-common:16.0.0] AndroidManifest.xml:28:17-82
171            <meta-data
171-->[com.google.android.gms:play-services-mlkit-text-recognition-common:17.1.0] AndroidManifest.xml:12:13-14:85
172                android:name="com.google.firebase.components:com.google.mlkit.vision.text.internal.TextRegistrar"
172-->[com.google.android.gms:play-services-mlkit-text-recognition-common:17.1.0] AndroidManifest.xml:13:17-114
173                android:value="com.google.firebase.components.ComponentRegistrar" />
173-->[com.google.android.gms:play-services-mlkit-text-recognition-common:17.1.0] AndroidManifest.xml:14:17-82
174            <meta-data
174-->[com.google.mlkit:vision-common:17.2.0] AndroidManifest.xml:12:13-14:85
175                android:name="com.google.firebase.components:com.google.mlkit.vision.common.internal.VisionCommonRegistrar"
175-->[com.google.mlkit:vision-common:17.2.0] AndroidManifest.xml:13:17-124
176                android:value="com.google.firebase.components.ComponentRegistrar" />
176-->[com.google.mlkit:vision-common:17.2.0] AndroidManifest.xml:14:17-82
177            <meta-data
177-->[com.google.mlkit:common:18.5.0] AndroidManifest.xml:20:13-22:85
178                android:name="com.google.firebase.components:com.google.mlkit.common.internal.CommonComponentRegistrar"
178-->[com.google.mlkit:common:18.5.0] AndroidManifest.xml:21:17-120
179                android:value="com.google.firebase.components.ComponentRegistrar" />
179-->[com.google.mlkit:common:18.5.0] AndroidManifest.xml:22:17-82
180        </service>
181        <service
181-->[com.google.mlkit:acceleration:16.0.0-beta1] AndroidManifest.xml:8:9-11:68
182            android:name="com.google.mlkit.acceleration.internal.MlKitRemoteWorkerService"
182-->[com.google.mlkit:acceleration:16.0.0-beta1] AndroidManifest.xml:9:13-91
183            android:exported="false"
183-->[com.google.mlkit:acceleration:16.0.0-beta1] AndroidManifest.xml:10:13-37
184            android:process=":mlkit_acceleration_mini_benchmark" />
184-->[com.google.mlkit:acceleration:16.0.0-beta1] AndroidManifest.xml:11:13-65
185        <service
185-->[androidx.work:work-multiprocess:2.7.0] AndroidManifest.xml:25:9-27:40
186            android:name="androidx.work.multiprocess.RemoteWorkManagerService"
186-->[androidx.work:work-multiprocess:2.7.0] AndroidManifest.xml:26:13-79
187            android:exported="false" />
187-->[androidx.work:work-multiprocess:2.7.0] AndroidManifest.xml:27:13-37
188
189        <provider
189-->[androidx.work:work-runtime:2.7.0] AndroidManifest.xml:31:9-39:20
190            android:name="androidx.startup.InitializationProvider"
190-->[androidx.work:work-runtime:2.7.0] AndroidManifest.xml:32:13-67
191            android:authorities="com.example.face_login.androidx-startup"
191-->[androidx.work:work-runtime:2.7.0] AndroidManifest.xml:33:13-68
192            android:exported="false" >
192-->[androidx.work:work-runtime:2.7.0] AndroidManifest.xml:34:13-37
193            <meta-data
193-->[androidx.work:work-runtime:2.7.0] AndroidManifest.xml:36:13-38:52
194                android:name="androidx.work.WorkManagerInitializer"
194-->[androidx.work:work-runtime:2.7.0] AndroidManifest.xml:37:17-68
195                android:value="androidx.startup" />
195-->[androidx.work:work-runtime:2.7.0] AndroidManifest.xml:38:17-49
196        </provider>
197
198        <service
198-->[androidx.work:work-runtime:2.7.0] AndroidManifest.xml:41:9-46:35
199            android:name="androidx.work.impl.background.systemalarm.SystemAlarmService"
199-->[androidx.work:work-runtime:2.7.0] AndroidManifest.xml:42:13-88
200            android:directBootAware="false"
200-->[androidx.work:work-runtime:2.7.0] AndroidManifest.xml:43:13-44
201            android:enabled="@bool/enable_system_alarm_service_default"
201-->[androidx.work:work-runtime:2.7.0] AndroidManifest.xml:44:13-72
202            android:exported="false" />
202-->[androidx.work:work-runtime:2.7.0] AndroidManifest.xml:45:13-37
203        <service
203-->[androidx.work:work-runtime:2.7.0] AndroidManifest.xml:47:9-53:35
204            android:name="androidx.work.impl.background.systemjob.SystemJobService"
204-->[androidx.work:work-runtime:2.7.0] AndroidManifest.xml:48:13-84
205            android:directBootAware="false"
205-->[androidx.work:work-runtime:2.7.0] AndroidManifest.xml:49:13-44
206            android:enabled="@bool/enable_system_job_service_default"
206-->[androidx.work:work-runtime:2.7.0] AndroidManifest.xml:50:13-70
207            android:exported="true"
207-->[androidx.work:work-runtime:2.7.0] AndroidManifest.xml:51:13-36
208            android:permission="android.permission.BIND_JOB_SERVICE" />
208-->[androidx.work:work-runtime:2.7.0] AndroidManifest.xml:52:13-69
209        <service
209-->[androidx.work:work-runtime:2.7.0] AndroidManifest.xml:54:9-59:35
210            android:name="androidx.work.impl.foreground.SystemForegroundService"
210-->[androidx.work:work-runtime:2.7.0] AndroidManifest.xml:55:13-81
211            android:directBootAware="false"
211-->[androidx.work:work-runtime:2.7.0] AndroidManifest.xml:56:13-44
212            android:enabled="@bool/enable_system_foreground_service_default"
212-->[androidx.work:work-runtime:2.7.0] AndroidManifest.xml:57:13-77
213            android:exported="false" />
213-->[androidx.work:work-runtime:2.7.0] AndroidManifest.xml:58:13-37
214
215        <receiver
215-->[androidx.work:work-runtime:2.7.0] AndroidManifest.xml:61:9-66:35
216            android:name="androidx.work.impl.utils.ForceStopRunnable$BroadcastReceiver"
216-->[androidx.work:work-runtime:2.7.0] AndroidManifest.xml:62:13-88
217            android:directBootAware="false"
217-->[androidx.work:work-runtime:2.7.0] AndroidManifest.xml:63:13-44
218            android:enabled="true"
218-->[androidx.work:work-runtime:2.7.0] AndroidManifest.xml:64:13-35
219            android:exported="false" />
219-->[androidx.work:work-runtime:2.7.0] AndroidManifest.xml:65:13-37
220        <receiver
220-->[androidx.work:work-runtime:2.7.0] AndroidManifest.xml:67:9-77:20
221            android:name="androidx.work.impl.background.systemalarm.ConstraintProxy$BatteryChargingProxy"
221-->[androidx.work:work-runtime:2.7.0] AndroidManifest.xml:68:13-106
222            android:directBootAware="false"
222-->[androidx.work:work-runtime:2.7.0] AndroidManifest.xml:69:13-44
223            android:enabled="false"
223-->[androidx.work:work-runtime:2.7.0] AndroidManifest.xml:70:13-36
224            android:exported="false" >
224-->[androidx.work:work-runtime:2.7.0] AndroidManifest.xml:71:13-37
225            <intent-filter>
225-->[androidx.work:work-runtime:2.7.0] AndroidManifest.xml:73:13-76:29
226                <action android:name="android.intent.action.ACTION_POWER_CONNECTED" />
226-->[androidx.work:work-runtime:2.7.0] AndroidManifest.xml:74:17-87
226-->[androidx.work:work-runtime:2.7.0] AndroidManifest.xml:74:25-84
227                <action android:name="android.intent.action.ACTION_POWER_DISCONNECTED" />
227-->[androidx.work:work-runtime:2.7.0] AndroidManifest.xml:75:17-90
227-->[androidx.work:work-runtime:2.7.0] AndroidManifest.xml:75:25-87
228            </intent-filter>
229        </receiver>
230        <receiver
230-->[androidx.work:work-runtime:2.7.0] AndroidManifest.xml:78:9-88:20
231            android:name="androidx.work.impl.background.systemalarm.ConstraintProxy$BatteryNotLowProxy"
231-->[androidx.work:work-runtime:2.7.0] AndroidManifest.xml:79:13-104
232            android:directBootAware="false"
232-->[androidx.work:work-runtime:2.7.0] AndroidManifest.xml:80:13-44
233            android:enabled="false"
233-->[androidx.work:work-runtime:2.7.0] AndroidManifest.xml:81:13-36
234            android:exported="false" >
234-->[androidx.work:work-runtime:2.7.0] AndroidManifest.xml:82:13-37
235            <intent-filter>
235-->[androidx.work:work-runtime:2.7.0] AndroidManifest.xml:84:13-87:29
236                <action android:name="android.intent.action.BATTERY_OKAY" />
236-->[androidx.work:work-runtime:2.7.0] AndroidManifest.xml:85:17-77
236-->[androidx.work:work-runtime:2.7.0] AndroidManifest.xml:85:25-74
237                <action android:name="android.intent.action.BATTERY_LOW" />
237-->[androidx.work:work-runtime:2.7.0] AndroidManifest.xml:86:17-76
237-->[androidx.work:work-runtime:2.7.0] AndroidManifest.xml:86:25-73
238            </intent-filter>
239        </receiver>
240        <receiver
240-->[androidx.work:work-runtime:2.7.0] AndroidManifest.xml:89:9-99:20
241            android:name="androidx.work.impl.background.systemalarm.ConstraintProxy$StorageNotLowProxy"
241-->[androidx.work:work-runtime:2.7.0] AndroidManifest.xml:90:13-104
242            android:directBootAware="false"
242-->[androidx.work:work-runtime:2.7.0] AndroidManifest.xml:91:13-44
243            android:enabled="false"
243-->[androidx.work:work-runtime:2.7.0] AndroidManifest.xml:92:13-36
244            android:exported="false" >
244-->[androidx.work:work-runtime:2.7.0] AndroidManifest.xml:93:13-37
245            <intent-filter>
245-->[androidx.work:work-runtime:2.7.0] AndroidManifest.xml:95:13-98:29
246                <action android:name="android.intent.action.DEVICE_STORAGE_LOW" />
246-->[androidx.work:work-runtime:2.7.0] AndroidManifest.xml:96:17-83
246-->[androidx.work:work-runtime:2.7.0] AndroidManifest.xml:96:25-80
247                <action android:name="android.intent.action.DEVICE_STORAGE_OK" />
247-->[androidx.work:work-runtime:2.7.0] AndroidManifest.xml:97:17-82
247-->[androidx.work:work-runtime:2.7.0] AndroidManifest.xml:97:25-79
248            </intent-filter>
249        </receiver>
250        <receiver
250-->[androidx.work:work-runtime:2.7.0] AndroidManifest.xml:100:9-109:20
251            android:name="androidx.work.impl.background.systemalarm.ConstraintProxy$NetworkStateProxy"
251-->[androidx.work:work-runtime:2.7.0] AndroidManifest.xml:101:13-103
252            android:directBootAware="false"
252-->[androidx.work:work-runtime:2.7.0] AndroidManifest.xml:102:13-44
253            android:enabled="false"
253-->[androidx.work:work-runtime:2.7.0] AndroidManifest.xml:103:13-36
254            android:exported="false" >
254-->[androidx.work:work-runtime:2.7.0] AndroidManifest.xml:104:13-37
255            <intent-filter>
255-->[androidx.work:work-runtime:2.7.0] AndroidManifest.xml:106:13-108:29
256                <action android:name="android.net.conn.CONNECTIVITY_CHANGE" />
256-->[androidx.work:work-runtime:2.7.0] AndroidManifest.xml:107:17-79
256-->[androidx.work:work-runtime:2.7.0] AndroidManifest.xml:107:25-76
257            </intent-filter>
258        </receiver>
259        <receiver
259-->[androidx.work:work-runtime:2.7.0] AndroidManifest.xml:110:9-121:20
260            android:name="androidx.work.impl.background.systemalarm.RescheduleReceiver"
260-->[androidx.work:work-runtime:2.7.0] AndroidManifest.xml:111:13-88
261            android:directBootAware="false"
261-->[androidx.work:work-runtime:2.7.0] AndroidManifest.xml:112:13-44
262            android:enabled="false"
262-->[androidx.work:work-runtime:2.7.0] AndroidManifest.xml:113:13-36
263            android:exported="false" >
263-->[androidx.work:work-runtime:2.7.0] AndroidManifest.xml:114:13-37
264            <intent-filter>
264-->[androidx.work:work-runtime:2.7.0] AndroidManifest.xml:116:13-120:29
265                <action android:name="android.intent.action.BOOT_COMPLETED" />
265-->[androidx.work:work-runtime:2.7.0] AndroidManifest.xml:117:17-79
265-->[androidx.work:work-runtime:2.7.0] AndroidManifest.xml:117:25-76
266                <action android:name="android.intent.action.TIME_SET" />
266-->[androidx.work:work-runtime:2.7.0] AndroidManifest.xml:118:17-73
266-->[androidx.work:work-runtime:2.7.0] AndroidManifest.xml:118:25-70
267                <action android:name="android.intent.action.TIMEZONE_CHANGED" />
267-->[androidx.work:work-runtime:2.7.0] AndroidManifest.xml:119:17-81